# Logfile created on 2015-11-05 01:21:45 -0400 by logger.rb/47272
D, [2015-11-05T01:21:45.870125 #2050] DEBUG -- : REQUESTING PAGE: GET / with {} and HTTP headers {}
D, [2015-11-05T01:22:41.656921 #2171] DEBUG -- : REQUESTING PAGE: GET / with {} and HTTP headers {}
D, [2015-11-05T01:22:58.614462 #2210] DEBUG -- : REQUESTING PAGE: GET / with {} and HTTP headers {}
D, [2015-11-05T01:24:30.133649 #2415] DEBUG -- : REQUESTING PAGE: GET / with {} and HTTP headers {}
D, [2015-11-05T01:24:39.791168 #2438] DEBUG -- : REQUESTING PAGE: GET / with {} and HTTP headers {}
D, [2015-11-05T01:25:42.503004 #2572] DEBUG -- : REQUESTING PAGE: GET / with {} and HTTP headers {}
D, [2015-11-05T01:26:06.033679 #2625] DEBUG -- : REQUESTING PAGE: GET / with {} and HTTP headers {}
D, [2015-11-05T01:31:33.421367 #3296] DEBUG -- : REQUESTING PAGE: GET / with {} and HTTP headers {}
D, [2015-11-05T01:31:33.464849 #3296] DEBUG -- : REQUESTING PAGE: GET / with {} and HTTP headers {}
D, [2015-11-05T01:32:06.944310 #3365] DEBUG -- : REQUESTING PAGE: GET / with {} and HTTP headers {}
D, [2015-11-05T01:32:06.983616 #3365] DEBUG -- : REQUESTING PAGE: GET / with {} and HTTP headers {}
D, [2015-11-05T01:32:28.340882 #3417] DEBUG -- : REQUESTING PAGE: GET / with {} and HTTP headers {}
D, [2015-11-05T01:32:28.379858 #3417] DEBUG -- : REQUESTING PAGE: GET / with {} and HTTP headers {}
D, [2015-11-05T01:32:42.211685 #3450] DEBUG -- : REQUESTING PAGE: GET / with {} and HTTP headers {}
D, [2015-11-05T01:32:42.251953 #3450] DEBUG -- : REQUESTING PAGE: GET / with {} and HTTP headers {}
D, [2015-11-05T01:32:42.253796 #3450] DEBUG -- : REQUESTING PAGE: GET /play with {} and HTTP headers {"HTTP_REFERER"=>"/"}
D, [2015-11-05T01:33:36.511509 #3564] DEBUG -- : REQUESTING PAGE: GET / with {} and HTTP headers {}
D, [2015-11-05T01:33:36.557397 #3564] DEBUG -- : REQUESTING PAGE: GET / with {} and HTTP headers {}
D, [2015-11-05T01:33:36.559130 #3564] DEBUG -- : REQUESTING PAGE: GET /play with {} and HTTP headers {"HTTP_REFERER"=>"/"}
D, [2015-11-05T01:33:36.560286 #3564] DEBUG -- : REQUESTING PAGE: GET /play with {} and HTTP headers {"HTTP_REFERER"=>"/play"}
D, [2015-11-05T01:35:13.508802 #3817] DEBUG -- : REQUESTING PAGE: GET / with {} and HTTP headers {}
D, [2015-11-05T01:35:13.552292 #3817] DEBUG -- : REQUESTING PAGE: GET / with {} and HTTP headers {}
D, [2015-11-05T01:35:13.553990 #3817] DEBUG -- : REQUESTING PAGE: GET /play with {} and HTTP headers {"HTTP_REFERER"=>"/"}
D, [2015-11-05T01:35:13.555065 #3817] DEBUG -- : REQUESTING PAGE: GET /play with {} and HTTP headers {"HTTP_REFERER"=>"/play"}
D, [2015-11-05T01:35:26.484286 #3848] DEBUG -- : REQUESTING PAGE: GET / with {} and HTTP headers {}
D, [2015-11-05T01:35:26.525073 #3848] DEBUG -- : REQUESTING PAGE: GET / with {} and HTTP headers {}
D, [2015-11-05T01:35:26.526781 #3848] DEBUG -- : REQUESTING PAGE: GET /play with {} and HTTP headers {"HTTP_REFERER"=>"/"}
D, [2015-11-05T01:35:26.527825 #3848] DEBUG -- : REQUESTING PAGE: GET /play with {} and HTTP headers {"HTTP_REFERER"=>"/play"}
D, [2015-11-05T01:35:52.726094 #3905] DEBUG -- : REQUESTING PAGE: GET / with {} and HTTP headers {}
D, [2015-11-05T01:35:52.765085 #3905] DEBUG -- : REQUESTING PAGE: GET / with {} and HTTP headers {}
D, [2015-11-05T01:35:52.766921 #3905] DEBUG -- : REQUESTING PAGE: GET /play with {} and HTTP headers {"HTTP_REFERER"=>"/"}
D, [2015-11-05T01:35:52.768024 #3905] DEBUG -- : REQUESTING PAGE: GET /play with {} and HTTP headers {"HTTP_REFERER"=>"/play"}
D, [2015-11-05T01:35:52.769876 #3905] DEBUG -- : REQUESTING PAGE: GET /play with {} and HTTP headers {}
D, [2015-11-05T01:35:52.772046 #3905] DEBUG -- : REQUESTING PAGE: POST /play with {"letter"=>"g"} and HTTP headers {"HTTP_REFERER"=>"/play"}
D, [2015-11-05T01:40:29.426898 #4471] DEBUG -- : REQUESTING PAGE: GET / with {} and HTTP headers {}
D, [2015-11-05T01:40:29.472327 #4471] DEBUG -- : REQUESTING PAGE: GET / with {} and HTTP headers {}
D, [2015-11-05T01:40:29.474107 #4471] DEBUG -- : REQUESTING PAGE: GET /play with {} and HTTP headers {"HTTP_REFERER"=>"/"}
D, [2015-11-05T01:40:29.475206 #4471] DEBUG -- : REQUESTING PAGE: GET /play with {} and HTTP headers {"HTTP_REFERER"=>"/play"}
D, [2015-11-05T01:40:29.477104 #4471] DEBUG -- : REQUESTING PAGE: GET /play with {} and HTTP headers {}
D, [2015-11-05T01:40:29.479379 #4471] DEBUG -- : REQUESTING PAGE: POST /play with {"letter"=>"g"} and HTTP headers {"HTTP_REFERER"=>"/play"}
D, [2015-11-05T07:15:31.298126 #1127] DEBUG -- : REQUESTING PAGE: GET / with {} and HTTP headers {}
D, [2015-11-05T07:15:31.365377 #1127] DEBUG -- : REQUESTING PAGE: GET / with {} and HTTP headers {}
D, [2015-11-05T07:15:31.370029 #1127] DEBUG -- : REQUESTING PAGE: GET /play with {} and HTTP headers {"HTTP_REFERER"=>"/"}
D, [2015-11-05T07:15:31.374284 #1127] DEBUG -- : REQUESTING PAGE: GET /play with {} and HTTP headers {}
D, [2015-11-05T07:15:31.377929 #1127] DEBUG -- : REQUESTING PAGE: POST /play with {"letter"=>"g"} and HTTP headers {"HTTP_REFERER"=>"/play"}
D, [2015-11-05T07:32:37.879762 #3220] DEBUG -- : REQUESTING PAGE: GET / with {} and HTTP headers {}
D, [2015-11-05T07:32:37.918764 #3220] DEBUG -- : REQUESTING PAGE: GET / with {} and HTTP headers {}
D, [2015-11-05T07:32:37.920867 #3220] DEBUG -- : REQUESTING PAGE: GET /play with {} and HTTP headers {"HTTP_REFERER"=>"/"}
D, [2015-11-05T07:32:37.961166 #3220] DEBUG -- : REQUESTING PAGE: GET /play with {} and HTTP headers {}
D, [2015-11-05T07:32:37.964115 #3220] DEBUG -- : REQUESTING PAGE: POST /play with {"letter"=>"g"} and HTTP headers {"HTTP_REFERER"=>"/play"}
D, [2015-11-05T07:32:48.160648 #3245] DEBUG -- : REQUESTING PAGE: GET / with {} and HTTP headers {}
D, [2015-11-05T07:32:48.200348 #3245] DEBUG -- : REQUESTING PAGE: GET / with {} and HTTP headers {}
D, [2015-11-05T07:32:48.202555 #3245] DEBUG -- : REQUESTING PAGE: GET /play with {} and HTTP headers {"HTTP_REFERER"=>"/"}
D, [2015-11-05T07:32:48.223474 #3245] DEBUG -- : REQUESTING PAGE: GET /play with {} and HTTP headers {}
D, [2015-11-05T07:32:48.226366 #3245] DEBUG -- : REQUESTING PAGE: POST /play with {"letter"=>"g"} and HTTP headers {"HTTP_REFERER"=>"/play"}
D, [2015-11-05T07:33:11.086491 #3299] DEBUG -- : REQUESTING PAGE: GET / with {} and HTTP headers {}
D, [2015-11-05T07:33:11.130081 #3299] DEBUG -- : REQUESTING PAGE: GET / with {} and HTTP headers {}
D, [2015-11-05T07:33:11.131900 #3299] DEBUG -- : REQUESTING PAGE: GET /play with {} and HTTP headers {"HTTP_REFERER"=>"/"}
D, [2015-11-05T07:33:11.134281 #3299] DEBUG -- : REQUESTING PAGE: GET /play with {} and HTTP headers {}
D, [2015-11-05T07:33:11.136526 #3299] DEBUG -- : REQUESTING PAGE: POST /play with {"letter"=>"g"} and HTTP headers {"HTTP_REFERER"=>"/play"}

D, [2015-11-05T08:27:42.355908 #10328] DEBUG -- : REQUESTING PAGE: GET / with {} and HTTP headers {}
D, [2015-11-05T08:27:42.396786 #10328] DEBUG -- : REQUESTING PAGE: GET / with {} and HTTP headers {}
D, [2015-11-05T08:27:42.398904 #10328] DEBUG -- : REQUESTING PAGE: GET /play with {} and HTTP headers {"HTTP_REFERER"=>"/"}
D, [2015-11-05T08:27:42.401426 #10328] DEBUG -- : REQUESTING PAGE: GET /play with {} and HTTP headers {}
D, [2015-11-05T08:27:42.404103 #10328] DEBUG -- : REQUESTING PAGE: POST /play with {"letter"=>"g"} and HTTP headers {"HTTP_REFERER"=>"/play"}
D, [2015-11-10T00:10:45.586790 #5520] DEBUG -- : REQUESTING PAGE: GET / with {} and HTTP headers {}
D, [2015-11-10T00:10:45.695796 #5520] DEBUG -- : REQUESTING PAGE: GET / with {} and HTTP headers {}
D, [2015-11-10T00:10:45.709797 #5520] DEBUG -- : REQUESTING PAGE: GET /play with {} and HTTP headers {"HTTP_REFERER"=>"/"}
D, [2015-11-10T00:10:45.734798 #5520] DEBUG -- : REQUESTING PAGE: GET /play with {} and HTTP headers {}
D, [2015-11-10T00:10:45.747799 #5520] DEBUG -- : REQUESTING PAGE: POST /play with {"letter"=>"g"} and HTTP headers {"HTTP_REFERER"=>"/play"}
D, [2015-11-10T00:12:34.303008 #4388] DEBUG -- : REQUESTING PAGE: GET / with {} and HTTP headers {}
D, [2015-11-10T00:12:34.372012 #4388] DEBUG -- : REQUESTING PAGE: GET / with {} and HTTP headers {}
D, [2015-11-10T00:12:34.382012 #4388] DEBUG -- : REQUESTING PAGE: GET /play with {} and HTTP headers {"HTTP_REFERER"=>"/"}
D, [2015-11-10T00:12:34.398013 #4388] DEBUG -- : REQUESTING PAGE: GET /play with {} and HTTP headers {}
D, [2015-11-10T00:12:34.411014 #4388] DEBUG -- : REQUESTING PAGE: POST /play with {"letter"=>"g"} and HTTP headers {"HTTP_REFERER"=>"/play"}
D, [2015-11-10T00:14:25.797385 #1524] DEBUG -- : REQUESTING PAGE: GET / with {} and HTTP headers {}
D, [2015-11-10T00:14:25.864389 #1524] DEBUG -- : REQUESTING PAGE: GET / with {} and HTTP headers {}
D, [2015-11-10T00:14:25.878390 #1524] DEBUG -- : REQUESTING PAGE: GET /play with {} and HTTP headers {"HTTP_REFERER"=>"/"}
D, [2015-11-10T00:14:25.895391 #1524] DEBUG -- : REQUESTING PAGE: GET /play with {} and HTTP headers {}
D, [2015-11-10T00:14:25.907391 #1524] DEBUG -- : REQUESTING PAGE: POST /play with {"letter"=>"g"} and HTTP headers {"HTTP_REFERER"=>"/play"}
D, [2015-11-10T00:14:25.926392 #1524] DEBUG -- : REQUESTING PAGE: GET /win with {} and HTTP headers {}
D, [2015-11-10T00:17:26.598726 #5744] DEBUG -- : REQUESTING PAGE: GET / with {} and HTTP headers {}
D, [2015-11-10T00:17:26.664730 #5744] DEBUG -- : REQUESTING PAGE: GET / with {} and HTTP headers {}
D, [2015-11-10T00:17:26.674731 #5744] DEBUG -- : REQUESTING PAGE: GET /play with {} and HTTP headers {"HTTP_REFERER"=>"/"}
D, [2015-11-10T00:17:59.272595 #3952] DEBUG -- : REQUESTING PAGE: GET / with {} and HTTP headers {}
D, [2015-11-10T00:17:59.341599 #3952] DEBUG -- : REQUESTING PAGE: GET / with {} and HTTP headers {}
D, [2015-11-10T00:17:59.352600 #3952] DEBUG -- : REQUESTING PAGE: GET /play with {} and HTTP headers {"HTTP_REFERER"=>"/"}
D, [2015-11-10T00:17:59.368601 #3952] DEBUG -- : REQUESTING PAGE: GET /play with {} and HTTP headers {}
D, [2015-11-10T00:17:59.381601 #3952] DEBUG -- : REQUESTING PAGE: POST /play with {"letter"=>"g"} and HTTP headers {"HTTP_REFERER"=>"/play"}
D, [2015-11-10T00:17:59.399602 #3952] DEBUG -- : REQUESTING PAGE: GET /win with {} and HTTP headers {}
D, [2015-11-10T00:20:45.469101 #4608] DEBUG -- : REQUESTING PAGE: GET / with {} and HTTP headers {}
D, [2015-11-10T00:20:45.545105 #4608] DEBUG -- : REQUESTING PAGE: GET / with {} and HTTP headers {}
D, [2015-11-10T00:20:45.560106 #4608] DEBUG -- : REQUESTING PAGE: GET /play with {} and HTTP headers {"HTTP_REFERER"=>"/"}
D, [2015-11-10T00:20:45.587108 #4608] DEBUG -- : REQUESTING PAGE: GET /play with {} and HTTP headers {}
D, [2015-11-10T00:20:45.599108 #4608] DEBUG -- : REQUESTING PAGE: POST /play with {"letter"=>"g"} and HTTP headers {"HTTP_REFERER"=>"/play"}
D, [2015-11-10T00:20:45.623110 #4608] DEBUG -- : REQUESTING PAGE: GET /win with {} and HTTP headers {}
D, [2015-11-10T00:22:16.230292 #328] DEBUG -- : REQUESTING PAGE: GET / with {} and HTTP headers {}
D, [2015-11-10T00:22:16.300296 #328] DEBUG -- : REQUESTING PAGE: GET / with {} and HTTP headers {}
D, [2015-11-10T00:22:16.314297 #328] DEBUG -- : REQUESTING PAGE: GET /play with {} and HTTP headers {"HTTP_REFERER"=>"/"}
D, [2015-11-10T00:22:16.328298 #328] DEBUG -- : REQUESTING PAGE: GET /play with {} and HTTP headers {}
D, [2015-11-10T00:22:16.342299 #328] DEBUG -- : REQUESTING PAGE: POST /play with {"letter"=>"g"} and HTTP headers {"HTTP_REFERER"=>"/play"}
D, [2015-11-10T00:22:16.360300 #328] DEBUG -- : REQUESTING PAGE: GET /win with {} and HTTP headers {}
D, [2015-11-10T00:23:14.979652 #4772] DEBUG -- : REQUESTING PAGE: GET / with {} and HTTP headers {}
D, [2015-11-10T00:23:15.050656 #4772] DEBUG -- : REQUESTING PAGE: GET / with {} and HTTP headers {}
D, [2015-11-10T00:23:15.065657 #4772] DEBUG -- : REQUESTING PAGE: GET /play with {} and HTTP headers {"HTTP_REFERER"=>"/"}
D, [2015-11-10T00:23:15.082658 #4772] DEBUG -- : REQUESTING PAGE: GET /play with {} and HTTP headers {}
D, [2015-11-10T00:23:15.091659 #4772] DEBUG -- : REQUESTING PAGE: POST /play with {"letter"=>"g"} and HTTP headers {"HTTP_REFERER"=>"/play"}
D, [2015-11-10T00:23:15.107660 #4772] DEBUG -- : REQUESTING PAGE: GET /win with {} and HTTP headers {}
D, [2015-11-10T00:24:57.132495 #5528] DEBUG -- : REQUESTING PAGE: GET / with {} and HTTP headers {}
D, [2015-11-10T00:24:57.203499 #5528] DEBUG -- : REQUESTING PAGE: GET / with {} and HTTP headers {}
D, [2015-11-10T00:24:57.220500 #5528] DEBUG -- : REQUESTING PAGE: GET /play with {} and HTTP headers {"HTTP_REFERER"=>"/"}
D, [2015-11-10T00:24:57.239501 #5528] DEBUG -- : REQUESTING PAGE: GET /play with {} and HTTP headers {}
D, [2015-11-10T00:24:57.251502 #5528] DEBUG -- : REQUESTING PAGE: POST /play with {"letter"=>"g"} and HTTP headers {"HTTP_REFERER"=>"/play"}
D, [2015-11-10T00:24:57.270503 #5528] DEBUG -- : REQUESTING PAGE: GET /win with {} and HTTP headers {}
D, [2015-11-10T00:26:00.646128 #2888] DEBUG -- : REQUESTING PAGE: GET / with {} and HTTP headers {}
D, [2015-11-10T00:26:00.715132 #2888] DEBUG -- : REQUESTING PAGE: GET / with {} and HTTP headers {}
D, [2015-11-10T00:26:00.728133 #2888] DEBUG -- : REQUESTING PAGE: GET /play with {} and HTTP headers {"HTTP_REFERER"=>"/"}
D, [2015-11-10T00:26:00.746134 #2888] DEBUG -- : REQUESTING PAGE: GET /play with {} and HTTP headers {}
D, [2015-11-10T00:26:00.759134 #2888] DEBUG -- : REQUESTING PAGE: POST /play with {"letter"=>"g"} and HTTP headers {"HTTP_REFERER"=>"/play"}
D, [2015-11-10T00:26:00.779136 #2888] DEBUG -- : REQUESTING PAGE: GET /win with {} and HTTP headers {}
D, [2015-11-10T00:30:44.917387 #5012] DEBUG -- : REQUESTING PAGE: GET / with {} and HTTP headers {}
D, [2015-11-10T00:30:44.987391 #5012] DEBUG -- : REQUESTING PAGE: GET / with {} and HTTP headers {}
D, [2015-11-10T00:30:45.001392 #5012] DEBUG -- : REQUESTING PAGE: GET /play with {} and HTTP headers {"HTTP_REFERER"=>"/"}
D, [2015-11-10T00:30:45.018393 #5012] DEBUG -- : REQUESTING PAGE: GET /play with {} and HTTP headers {}
D, [2015-11-10T00:30:45.032394 #5012] DEBUG -- : REQUESTING PAGE: POST /play with {"letter"=>"g"} and HTTP headers {"HTTP_REFERER"=>"/play"}
D, [2015-11-10T00:30:45.050395 #5012] DEBUG -- : REQUESTING PAGE: GET /win with {} and HTTP headers {}
D, [2015-11-10T00:36:05.826742 #3532] DEBUG -- : REQUESTING PAGE: GET / with {} and HTTP headers {}
D, [2015-11-10T00:36:05.896746 #3532] DEBUG -- : REQUESTING PAGE: GET / with {} and HTTP headers {}
D, [2015-11-10T00:36:05.909747 #3532] DEBUG -- : REQUESTING PAGE: GET /play with {} and HTTP headers {"HTTP_REFERER"=>"/"}
D, [2015-11-10T00:36:05.924748 #3532] DEBUG -- : REQUESTING PAGE: GET /play with {} and HTTP headers {}
D, [2015-11-10T00:36:05.938749 #3532] DEBUG -- : REQUESTING PAGE: POST /play with {"letter"=>"g"} and HTTP headers {"HTTP_REFERER"=>"/play"}
D, [2015-11-10T00:36:05.956750 #3532] DEBUG -- : REQUESTING PAGE: GET /win with {} and HTTP headers {}
D, [2015-11-10T00:37:09.265371 #5472] DEBUG -- : REQUESTING PAGE: GET / with {} and HTTP headers {}
D, [2015-11-10T00:37:09.335375 #5472] DEBUG -- : REQUESTING PAGE: GET / with {} and HTTP headers {}
D, [2015-11-10T00:37:09.350376 #5472] DEBUG -- : REQUESTING PAGE: GET /play with {} and HTTP headers {"HTTP_REFERER"=>"/"}
D, [2015-11-10T00:37:09.365377 #5472] DEBUG -- : REQUESTING PAGE: GET /play with {} and HTTP headers {}
D, [2015-11-10T00:37:09.377377 #5472] DEBUG -- : REQUESTING PAGE: POST /play with {"letter"=>"g"} and HTTP headers {"HTTP_REFERER"=>"/play"}
D, [2015-11-10T00:37:09.397378 #5472] DEBUG -- : REQUESTING PAGE: GET /win with {} and HTTP headers {}
D, [2015-11-10T00:38:11.146910 #5952] DEBUG -- : REQUESTING PAGE: GET / with {} and HTTP headers {}
D, [2015-11-10T00:38:11.217914 #5952] DEBUG -- : REQUESTING PAGE: GET / with {} and HTTP headers {}
D, [2015-11-10T00:38:11.232915 #5952] DEBUG -- : REQUESTING PAGE: GET /play with {} and HTTP headers {"HTTP_REFERER"=>"/"}
D, [2015-11-10T00:38:11.248916 #5952] DEBUG -- : REQUESTING PAGE: GET /play with {} and HTTP headers {}
D, [2015-11-10T00:38:11.258917 #5952] DEBUG -- : REQUESTING PAGE: POST /play with {"letter"=>"g"} and HTTP headers {"HTTP_REFERER"=>"/play"}
D, [2015-11-10T00:38:11.276918 #5952] DEBUG -- : REQUESTING PAGE: GET /win with {} and HTTP headers {}
D, [2015-11-10T00:38:32.415127 #3728] DEBUG -- : REQUESTING PAGE: GET / with {} and HTTP headers {}
D, [2015-11-10T00:38:32.485131 #3728] DEBUG -- : REQUESTING PAGE: GET / with {} and HTTP headers {}
D, [2015-11-10T00:38:32.500132 #3728] DEBUG -- : REQUESTING PAGE: GET /play with {} and HTTP headers {"HTTP_REFERER"=>"/"}
D, [2015-11-10T00:38:32.518133 #3728] DEBUG -- : REQUESTING PAGE: GET /play with {} and HTTP headers {}
D, [2015-11-10T00:38:32.527133 #3728] DEBUG -- : REQUESTING PAGE: POST /play with {"letter"=>"g"} and HTTP headers {"HTTP_REFERER"=>"/play"}
D, [2015-11-10T00:38:32.545134 #3728] DEBUG -- : REQUESTING PAGE: GET /win with {} and HTTP headers {}
D, [2015-11-10T00:39:20.459875 #6140] DEBUG -- : REQUESTING PAGE: GET / with {} and HTTP headers {}
D, [2015-11-10T00:39:20.529879 #6140] DEBUG -- : REQUESTING PAGE: GET / with {} and HTTP headers {}
D, [2015-11-10T00:39:20.544880 #6140] DEBUG -- : REQUESTING PAGE: GET /play with {} and HTTP headers {"HTTP_REFERER"=>"/"}
D, [2015-11-10T00:39:20.560881 #6140] DEBUG -- : REQUESTING PAGE: GET /play with {} and HTTP headers {}
D, [2015-11-10T00:39:20.572881 #6140] DEBUG -- : REQUESTING PAGE: POST /play with {"letter"=>"g"} and HTTP headers {"HTTP_REFERER"=>"/play"}
D, [2015-11-10T00:39:20.591882 #6140] DEBUG -- : REQUESTING PAGE: GET /win with {} and HTTP headers {}
D, [2015-11-10T00:39:45.302296 #4428] DEBUG -- : REQUESTING PAGE: GET / with {} and HTTP headers {}
D, [2015-11-10T00:39:45.372300 #4428] DEBUG -- : REQUESTING PAGE: GET / with {} and HTTP headers {}
D, [2015-11-10T00:39:45.387301 #4428] DEBUG -- : REQUESTING PAGE: GET /play with {} and HTTP headers {"HTTP_REFERER"=>"/"}
D, [2015-11-10T00:39:45.402301 #4428] DEBUG -- : REQUESTING PAGE: GET /play with {} and HTTP headers {}
D, [2015-11-10T00:39:45.414302 #4428] DEBUG -- : REQUESTING PAGE: POST /play with {"letter"=>"g"} and HTTP headers {"HTTP_REFERER"=>"/play"}
D, [2015-11-10T00:39:45.431303 #4428] DEBUG -- : REQUESTING PAGE: GET /win with {} and HTTP headers {}
D, [2015-11-10T00:41:13.822359 #4792] DEBUG -- : REQUESTING PAGE: GET / with {} and HTTP headers {}
D, [2015-11-10T00:41:13.891363 #4792] DEBUG -- : REQUESTING PAGE: GET / with {} and HTTP headers {}
D, [2015-11-10T00:41:13.901363 #4792] DEBUG -- : REQUESTING PAGE: GET /play with {} and HTTP headers {"HTTP_REFERER"=>"/"}
D, [2015-11-10T00:41:13.920364 #4792] DEBUG -- : REQUESTING PAGE: GET /play with {} and HTTP headers {}
D, [2015-11-10T00:41:13.932365 #4792] DEBUG -- : REQUESTING PAGE: POST /play with {"letter"=>"g"} and HTTP headers {"HTTP_REFERER"=>"/play"}
D, [2015-11-10T00:41:13.951366 #4792] DEBUG -- : REQUESTING PAGE: GET /win with {} and HTTP headers {}
D, [2015-11-10T01:44:12.754488 #6528] DEBUG -- : REQUESTING PAGE: GET / with {} and HTTP headers {}
D, [2015-11-10T01:44:12.966490 #6528] DEBUG -- : REQUESTING PAGE: GET / with {} and HTTP headers {}
D, [2015-11-10T01:44:12.976490 #6528] DEBUG -- : REQUESTING PAGE: GET /play with {} and HTTP headers {"HTTP_REFERER"=>"/"}
D, [2015-11-10T01:44:12.986490 #6528] DEBUG -- : REQUESTING PAGE: GET /play with {} and HTTP headers {}
D, [2015-11-10T01:44:13.006490 #6528] DEBUG -- : REQUESTING PAGE: POST /play with {"letter"=>"g"} and HTTP headers {"HTTP_REFERER"=>"/play"}
D, [2015-11-10T01:44:13.026490 #6528] DEBUG -- : REQUESTING PAGE: GET /win with {} and HTTP headers {}
D, [2015-11-10T02:02:51.652450 #3984] DEBUG -- : REQUESTING PAGE: GET / with {} and HTTP headers {}
D, [2015-11-10T02:02:51.749456 #3984] DEBUG -- : REQUESTING PAGE: GET / with {} and HTTP headers {}
D, [2015-11-10T02:02:51.760456 #3984] DEBUG -- : REQUESTING PAGE: GET /play with {} and HTTP headers {"HTTP_REFERER"=>"/"}
D, [2015-11-10T02:02:51.777457 #3984] DEBUG -- : REQUESTING PAGE: GET /play with {} and HTTP headers {}
D, [2015-11-10T02:02:51.791458 #3984] DEBUG -- : REQUESTING PAGE: POST /play with {"letter"=>"g"} and HTTP headers {"HTTP_REFERER"=>"/play"}
D, [2015-11-10T02:02:51.814459 #3984] DEBUG -- : REQUESTING PAGE: GET /win with {} and HTTP headers {}
D, [2015-11-10T02:05:14.985648 #176] DEBUG -- : REQUESTING PAGE: GET /fail with {} and HTTP headers {}
D, [2015-11-10T02:05:15.339669 #176] DEBUG -- : REQUESTING PAGE: GET / with {} and HTTP headers {}
D, [2015-11-10T02:05:15.377671 #176] DEBUG -- : REQUESTING PAGE: GET / with {} and HTTP headers {}
D, [2015-11-10T02:05:15.391672 #176] DEBUG -- : REQUESTING PAGE: GET /play with {} and HTTP headers {"HTTP_REFERER"=>"/"}
D, [2015-11-10T02:05:15.412673 #176] DEBUG -- : REQUESTING PAGE: GET /play with {} and HTTP headers {}
D, [2015-11-10T02:05:15.425674 #176] DEBUG -- : REQUESTING PAGE: POST /play with {"letter"=>"g"} and HTTP headers {"HTTP_REFERER"=>"/play"}
D, [2015-11-10T02:05:15.441674 #176] DEBUG -- : REQUESTING PAGE: GET /win with {} and HTTP headers {}
D, [2015-11-10T02:05:41.114143 #7096] DEBUG -- : REQUESTING PAGE: GET /fail with {} and HTTP headers {}
D, [2015-11-10T02:07:03.538857 #5632] DEBUG -- : REQUESTING PAGE: GET /fail with {} and HTTP headers {}
D, [2015-11-10T02:07:03.664865 #5632] DEBUG -- : REQUESTING PAGE: GET / with {} and HTTP headers {}
D, [2015-11-10T02:07:03.709867 #5632] DEBUG -- : REQUESTING PAGE: GET / with {} and HTTP headers {}
D, [2015-11-10T02:07:03.720868 #5632] DEBUG -- : REQUESTING PAGE: GET /play with {} and HTTP headers {"HTTP_REFERER"=>"/"}
D, [2015-11-10T02:07:03.740869 #5632] DEBUG -- : REQUESTING PAGE: GET /play with {} and HTTP headers {}
D, [2015-11-10T02:07:03.754870 #5632] DEBUG -- : REQUESTING PAGE: POST /play with {"letter"=>"g"} and HTTP headers {"HTTP_REFERER"=>"/play"}
D, [2015-11-10T02:07:03.777871 #5632] DEBUG -- : REQUESTING PAGE: GET /win with {} and HTTP headers {}
D, [2015-11-10T02:08:55.510262 #2856] DEBUG -- : REQUESTING PAGE: GET /fail with {} and HTTP headers {}
D, [2015-11-10T02:08:55.712273 #2856] DEBUG -- : REQUESTING PAGE: GET / with {} and HTTP headers {}
D, [2015-11-10T02:08:55.783277 #2856] DEBUG -- : REQUESTING PAGE: GET / with {} and HTTP headers {}
D, [2015-11-10T02:08:55.798278 #2856] DEBUG -- : REQUESTING PAGE: GET /play with {} and HTTP headers {"HTTP_REFERER"=>"/"}
D, [2015-11-10T02:08:55.829280 #2856] DEBUG -- : REQUESTING PAGE: GET /play with {} and HTTP headers {}
D, [2015-11-10T02:08:55.847281 #2856] DEBUG -- : REQUESTING PAGE: POST /play with {"letter"=>"g"} and HTTP headers {"HTTP_REFERER"=>"/play"}
D, [2015-11-10T02:08:55.864282 #2856] DEBUG -- : REQUESTING PAGE: GET /win with {} and HTTP headers {}
D, [2015-11-10T02:10:55.648133 #6640] DEBUG -- : REQUESTING PAGE: GET /fail with {} and HTTP headers {}
D, [2015-11-10T02:10:55.766140 #6640] DEBUG -- : REQUESTING PAGE: GET / with {} and HTTP headers {}
D, [2015-11-10T02:10:55.801142 #6640] DEBUG -- : REQUESTING PAGE: GET / with {} and HTTP headers {}
D, [2015-11-10T02:10:55.815143 #6640] DEBUG -- : REQUESTING PAGE: GET /play with {} and HTTP headers {"HTTP_REFERER"=>"/"}
D, [2015-11-10T02:10:55.843144 #6640] DEBUG -- : REQUESTING PAGE: GET /play with {} and HTTP headers {}
D, [2015-11-10T02:10:55.861145 #6640] DEBUG -- : REQUESTING PAGE: POST /play with {"letter"=>"g"} and HTTP headers {"HTTP_REFERER"=>"/play"}
D, [2015-11-10T02:10:55.878146 #6640] DEBUG -- : REQUESTING PAGE: GET /win with {} and HTTP headers {}
D, [2015-11-10T02:11:29.231054 #7468] DEBUG -- : REQUESTING PAGE: GET /fail with {} and HTTP headers {}
D, [2015-11-10T02:11:29.352061 #7468] DEBUG -- : REQUESTING PAGE: GET / with {} and HTTP headers {}
D, [2015-11-10T02:11:29.386063 #7468] DEBUG -- : REQUESTING PAGE: GET / with {} and HTTP headers {}
D, [2015-11-10T02:11:29.402064 #7468] DEBUG -- : REQUESTING PAGE: GET /play with {} and HTTP headers {"HTTP_REFERER"=>"/"}
D, [2015-11-10T02:11:29.430065 #7468] DEBUG -- : REQUESTING PAGE: GET /play with {} and HTTP headers {}
D, [2015-11-10T02:11:29.447066 #7468] DEBUG -- : REQUESTING PAGE: POST /play with {"letter"=>"g"} and HTTP headers {"HTTP_REFERER"=>"/play"}
D, [2015-11-10T02:11:29.467068 #7468] DEBUG -- : REQUESTING PAGE: GET /win with {} and HTTP headers {}
D, [2015-11-10T02:12:59.432213 #4800] DEBUG -- : REQUESTING PAGE: GET /fail with {} and HTTP headers {}
D, [2015-11-10T02:12:59.549220 #4800] DEBUG -- : REQUESTING PAGE: GET / with {} and HTTP headers {}
D, [2015-11-10T02:12:59.584222 #4800] DEBUG -- : REQUESTING PAGE: GET / with {} and HTTP headers {}
D, [2015-11-10T02:12:59.599223 #4800] DEBUG -- : REQUESTING PAGE: GET /play with {} and HTTP headers {"HTTP_REFERER"=>"/"}
D, [2015-11-10T02:12:59.624224 #4800] DEBUG -- : REQUESTING PAGE: GET /play with {} and HTTP headers {}
D, [2015-11-10T02:12:59.642225 #4800] DEBUG -- : REQUESTING PAGE: POST /play with {"letter"=>"g"} and HTTP headers {"HTTP_REFERER"=>"/play"}
D, [2015-11-10T02:12:59.661226 #4800] DEBUG -- : REQUESTING PAGE: GET /win with {} and HTTP headers {}
D, [2015-11-10T02:15:14.463937 #9012] DEBUG -- : REQUESTING PAGE: GET /fail with {} and HTTP headers {}
D, [2015-11-10T02:15:14.583943 #9012] DEBUG -- : REQUESTING PAGE: GET / with {} and HTTP headers {}
D, [2015-11-10T02:15:14.619946 #9012] DEBUG -- : REQUESTING PAGE: GET / with {} and HTTP headers {}
D, [2015-11-10T02:15:14.633946 #9012] DEBUG -- : REQUESTING PAGE: GET /play with {} and HTTP headers {"HTTP_REFERER"=>"/"}
D, [2015-11-10T02:15:14.660948 #9012] DEBUG -- : REQUESTING PAGE: GET /play with {} and HTTP headers {}
D, [2015-11-10T02:15:14.677949 #9012] DEBUG -- : REQUESTING PAGE: POST /play with {"letter"=>"g"} and HTTP headers {"HTTP_REFERER"=>"/play"}
D, [2015-11-10T02:15:14.698950 #9012] DEBUG -- : REQUESTING PAGE: GET /win with {} and HTTP headers {}
D, [2015-11-10T02:17:57.783278 #9136] DEBUG -- : REQUESTING PAGE: GET /fail with {} and HTTP headers {}
D, [2015-11-10T02:17:57.903285 #9136] DEBUG -- : REQUESTING PAGE: GET / with {} and HTTP headers {}
D, [2015-11-10T02:17:57.938287 #9136] DEBUG -- : REQUESTING PAGE: GET / with {} and HTTP headers {}
D, [2015-11-10T02:17:57.949287 #9136] DEBUG -- : REQUESTING PAGE: GET /play with {} and HTTP headers {"HTTP_REFERER"=>"/"}
D, [2015-11-10T02:17:57.972289 #9136] DEBUG -- : REQUESTING PAGE: GET /play with {} and HTTP headers {}
D, [2015-11-10T02:17:57.985289 #9136] DEBUG -- : REQUESTING PAGE: POST /play with {"letter"=>"g"} and HTTP headers {"HTTP_REFERER"=>"/play"}
D, [2015-11-10T02:17:58.007291 #9136] DEBUG -- : REQUESTING PAGE: GET /win with {} and HTTP headers {}
D, [2015-11-10T02:21:15.403581 #7232] DEBUG -- : REQUESTING PAGE: GET /fail with {} and HTTP headers {}
D, [2015-11-10T02:21:15.522588 #7232] DEBUG -- : REQUESTING PAGE: GET / with {} and HTTP headers {}
D, [2015-11-10T02:21:15.562590 #7232] DEBUG -- : REQUESTING PAGE: GET / with {} and HTTP headers {}
D, [2015-11-10T02:21:15.575591 #7232] DEBUG -- : REQUESTING PAGE: GET /play with {} and HTTP headers {"HTTP_REFERER"=>"/"}
D, [2015-11-10T02:21:15.599592 #7232] DEBUG -- : REQUESTING PAGE: GET /play with {} and HTTP headers {}
D, [2015-11-10T02:21:15.621594 #7232] DEBUG -- : REQUESTING PAGE: POST /play with {"letter"=>"g"} and HTTP headers {"HTTP_REFERER"=>"/play"}
D, [2015-11-10T02:21:15.638595 #7232] DEBUG -- : REQUESTING PAGE: GET /win with {} and HTTP headers {}
D, [2015-11-12T07:35:41.186136 #809] DEBUG -- : REQUESTING PAGE: GET /fail with {} and HTTP headers {}
D, [2015-11-12T07:35:41.380386 #809] DEBUG -- : REQUESTING PAGE: GET / with {} and HTTP headers {}
D, [2015-11-12T07:35:41.386707 #809] DEBUG -- : REQUESTING PAGE: GET / with {} and HTTP headers {}
D, [2015-11-12T07:35:41.390608 #809] DEBUG -- : REQUESTING PAGE: GET /play with {} and HTTP headers {"HTTP_REFERER"=>"/"}
D, [2015-11-12T07:35:41.398533 #809] DEBUG -- : REQUESTING PAGE: GET /play with {} and HTTP headers {}
D, [2015-11-12T07:35:41.401650 #809] DEBUG -- : REQUESTING PAGE: POST /play with {"letter"=>"g"} and HTTP headers {"HTTP_REFERER"=>"/play"}
D, [2015-11-12T07:35:41.410144 #809] DEBUG -- : REQUESTING PAGE: GET /win with {} and HTTP headers {}
D, [2015-11-12T07:37:13.635127 #816] DEBUG -- : REQUESTING PAGE: GET /fail with {} and HTTP headers {}
D, [2015-11-12T07:37:13.702023 #816] DEBUG -- : REQUESTING PAGE: GET / with {} and HTTP headers {}
D, [2015-11-12T07:37:13.708668 #816] DEBUG -- : REQUESTING PAGE: GET / with {} and HTTP headers {}
D, [2015-11-12T07:37:13.711302 #816] DEBUG -- : REQUESTING PAGE: GET /play with {} and HTTP headers {"HTTP_REFERER"=>"/"}
D, [2015-11-12T07:37:13.714952 #816] DEBUG -- : REQUESTING PAGE: GET /play with {} and HTTP headers {}
D, [2015-11-12T07:37:13.718033 #816] DEBUG -- : REQUESTING PAGE: POST /play with {"letter"=>"g"} and HTTP headers {"HTTP_REFERER"=>"/play"}
D, [2015-11-12T07:37:13.725991 #816] DEBUG -- : REQUESTING PAGE: GET /win with {} and HTTP headers {}
D, [2015-11-12T08:35:15.848008 #3605] DEBUG -- : REQUESTING PAGE: GET /fail with {} and HTTP headers {}
D, [2015-11-12T08:35:15.933538 #3605] DEBUG -- : REQUESTING PAGE: GET / with {} and HTTP headers {}
D, [2015-11-12T08:35:15.938408 #3605] DEBUG -- : REQUESTING PAGE: GET / with {} and HTTP headers {}
D, [2015-11-12T08:35:15.942090 #3605] DEBUG -- : REQUESTING PAGE: GET /play with {} and HTTP headers {"HTTP_REFERER"=>"/"}
D, [2015-11-12T08:35:15.946025 #3605] DEBUG -- : REQUESTING PAGE: GET /play with {} and HTTP headers {}
D, [2015-11-12T08:35:15.949069 #3605] DEBUG -- : REQUESTING PAGE: POST /play with {"letter"=>"g"} and HTTP headers {"HTTP_REFERER"=>"/play"}
D, [2015-11-12T08:35:15.956283 #3605] DEBUG -- : REQUESTING PAGE: GET /win with {} and HTTP headers {}
